This file contains any messages produced by compilers while
running configure, to aid debugging if configure makes a mistake.

It was created by fvb configure v0.0.1, which was
generated by GNU Autoconf 2.71.  Invocation command line was

  $ ./configure

## --------- ##
## Platform. ##
## --------- ##

hostname = localpc-m1ns3c
uname -m = x86_64
uname -r = 5.18.5-arch1-1
uname -s = Linux
uname -v = #1 SMP PREEMPT_DYNAMIC Thu, 16 Jun 2022 20:40:45 +0000

/usr/bin/uname -p = unknown
/bin/uname -X     = unknown

/bin/arch              = unknown
/usr/bin/arch -k       = unknown
/usr/convex/getsysinfo = unknown
/usr/bin/hostinfo      = unknown
/bin/machine           = unknown
/usr/bin/oslevel       = unknown
/bin/universe          = unknown

PATH: /usr/local/sbin/
PATH: /usr/local/bin/
PATH: /usr/bin/
PATH: /usr/bin/site_perl/
PATH: /usr/bin/vendor_perl/
PATH: /usr/bin/core_perl/
PATH: /usr/local/go/bin/
PATH: /data/go/bin/
PATH: /usr/local/node-v16.15.0/bin/
PATH: /usr/local/go/bin/
PATH: /data/go/bin/


## ----------- ##
## Core tests. ##
## ----------- ##

configure:2166: checking for gcc
configure:2187: found /usr/bin/gcc
configure:2198: result: gcc
configure:2551: checking for C compiler version
configure:2560: gcc --version >&5
gcc (GCC) 12.1.0
Copyright (C) 2022 Free Software Foundation, Inc.
This is free software; see the source for copying conditions.  There is NO
warranty; not even for MERCHANTABILITY or FITNESS FOR A PARTICULAR PURPOSE.

configure:2571: $? = 0
configure:2560: gcc -v >&5
Using built-in specs.
COLLECT_GCC=gcc
COLLECT_LTO_WRAPPER=/usr/lib/gcc/x86_64-pc-linux-gnu/12.1.0/lto-wrapper
Target: x86_64-pc-linux-gnu
Configured with: /build/gcc/src/gcc/configure --enable-languages=c,c++,ada,fortran,go,lto,objc,obj-c++ --enable-bootstrap --prefix=/usr --libdir=/usr/lib --libexecdir=/usr/lib --mandir=/usr/share/man --infodir=/usr/share/info --with-bugurl=https://bugs.archlinux.org/ --with-linker-hash-style=gnu --with-system-zlib --enable-__cxa_atexit --enable-cet=auto --enable-checking=release --enable-clocale=gnu --enable-default-pie --enable-default-ssp --enable-gnu-indirect-function --enable-gnu-unique-object --enable-linker-build-id --enable-lto --enable-multilib --enable-plugin --enable-shared --enable-threads=posix --disable-libssp --disable-libstdcxx-pch --disable-werror --with-build-config=bootstrap-lto --enable-link-serialization=1
Thread model: posix
Supported LTO compression algorithms: zlib zstd
gcc version 12.1.0 (GCC) 
configure:2571: $? = 0
configure:2560: gcc -V >&5
gcc: error: unrecognized command-line option '-V'
gcc: fatal error: no input files
compilation terminated.
configure:2571: $? = 1
configure:2560: gcc -qversion >&5
gcc: error: unrecognized command-line option '-qversion'; did you mean '--version'?
gcc: fatal error: no input files
compilation terminated.
configure:2571: $? = 1
configure:2560: gcc -version >&5
gcc: error: unrecognized command-line option '-version'
gcc: fatal error: no input files
compilation terminated.
configure:2571: $? = 1
configure:2591: checking whether the C compiler works
configure:2613: gcc    conftest.c  >&5
configure:2617: $? = 0
configure:2667: result: yes
configure:2670: checking for C compiler default output file name
configure:2672: result: a.out
configure:2678: checking for suffix of executables
configure:2685: gcc -o conftest    conftest.c  >&5
configure:2689: $? = 0
configure:2712: result: 
configure:2734: checking whether we are cross compiling
configure:2742: gcc -o conftest    conftest.c  >&5
configure:2746: $? = 0
configure:2753: ./conftest
configure:2757: $? = 0
configure:2772: result: no
configure:2777: checking for suffix of object files
configure:2800: gcc -c   conftest.c >&5
configure:2804: $? = 0
configure:2826: result: o
configure:2830: checking whether the compiler supports GNU C
configure:2850: gcc -c   conftest.c >&5
configure:2850: $? = 0
configure:2860: result: yes
configure:2871: checking whether gcc accepts -g
configure:2892: gcc -c -g  conftest.c >&5
configure:2892: $? = 0
configure:2936: result: yes
configure:2956: checking for gcc option to enable C11 features
configure:2971: gcc  -c -g -O2  conftest.c >&5
configure:2971: $? = 0
configure:2989: result: none needed
configure:3216: creating ./config.status

## ---------------------- ##
## Running config.status. ##
## ---------------------- ##

This file was extended by fvb config.status v0.0.1, which was
generated by GNU Autoconf 2.71.  Invocation command line was

  CONFIG_FILES    = 
  CONFIG_HEADERS  = 
  CONFIG_LINKS    = 
  CONFIG_COMMANDS = 
  $ ./config.status 

on localpc-m1ns3c

config.status:767: error: cannot find input file: `Makefile.in'

## ---------------- ##
## Cache variables. ##
## ---------------- ##

ac_cv_c_compiler_gnu=yes
ac_cv_env_CC_set=
ac_cv_env_CC_value=
ac_cv_env_CFLAGS_set=
ac_cv_env_CFLAGS_value=
ac_cv_env_CPPFLAGS_set=
ac_cv_env_CPPFLAGS_value=
ac_cv_env_LDFLAGS_set=
ac_cv_env_LDFLAGS_value=
ac_cv_env_LIBS_set=
ac_cv_env_LIBS_value=
ac_cv_env_build_alias_set=
ac_cv_env_build_alias_value=
ac_cv_env_host_alias_set=
ac_cv_env_host_alias_value=
ac_cv_env_target_alias_set=
ac_cv_env_target_alias_value=
ac_cv_objext=o
ac_cv_prog_ac_ct_CC=gcc
ac_cv_prog_cc_c11=
ac_cv_prog_cc_g=yes
ac_cv_prog_cc_stdc=

## ----------------- ##
## Output variables. ##
## ----------------- ##

CC='gcc'
CFLAGS='-g -O2'
CPPFLAGS=''
DEFS='-DHAVE_CONFIG_H'
ECHO_C=''
ECHO_N='-n'
ECHO_T=''
EXEEXT=''
LDFLAGS=''
LIBOBJS=''
LIBS=''
LTLIBOBJS=''
OBJEXT='o'
PACKAGE_BUGREPORT='root@minsec.cn'
PACKAGE_NAME='fvb'
PACKAGE_STRING='fvb v0.0.1'
PACKAGE_TARNAME='fvb'
PACKAGE_URL='https://fvb.minsec.cn'
PACKAGE_VERSION='v0.0.1'
PATH_SEPARATOR=':'
SHELL='/bin/sh'
ac_ct_CC='gcc'
bindir='${exec_prefix}/bin'
build_alias=''
datadir='${datarootdir}'
datarootdir='${prefix}/share'
docdir='${datarootdir}/doc/${PACKAGE_TARNAME}'
dvidir='${docdir}'
exec_prefix='${prefix}'
host_alias=''
htmldir='${docdir}'
includedir='${prefix}/include'
infodir='${datarootdir}/info'
libdir='${exec_prefix}/lib'
libexecdir='${exec_prefix}/libexec'
localedir='${datarootdir}/locale'
localstatedir='${prefix}/var'
mandir='${datarootdir}/man'
oldincludedir='/usr/include'
pdfdir='${docdir}'
prefix='/usr/local'
program_transform_name='s,x,x,'
psdir='${docdir}'
runstatedir='${localstatedir}/run'
sbindir='${exec_prefix}/sbin'
sharedstatedir='${prefix}/com'
sysconfdir='${prefix}/etc'
target_alias=''

## ----------- ##
## confdefs.h. ##
## ----------- ##

/* confdefs.h */
#define PACKAGE_NAME "fvb"
#define PACKAGE_TARNAME "fvb"
#define PACKAGE_VERSION "v0.0.1"
#define PACKAGE_STRING "fvb v0.0.1"
#define PACKAGE_BUGREPORT "root@minsec.cn"
#define PACKAGE_URL "https://fvb.minsec.cn"

configure: exit 1
